{"/home/abdul/Documents/Assignment -Abdul-Qaiyyum-/src/ApiLoginSignup.ts": {"path":"/home/abdul/Documents/Assignment -Abdul-Qaiyyum-/src/ApiLoginSignup.ts","statementMap":{"0":{"start":{"line":1,"column":0},"end":{"line":1,"column":34}},"1":{"start":{"line":2,"column":22},"end":{"line":2,"column":38}},"2":{"start":{"line":3,"column":0},"end":{"line":3,"column":38}},"3":{"start":{"line":5,"column":0},"end":{"line":5,"column":51}},"4":{"start":{"line":6,"column":0},"end":{"line":6,"column":32}},"5":{"start":{"line":7,"column":0},"end":{"line":7,"column":35}},"6":{"start":{"line":12,"column":0},"end":{"line":12,"column":13}},"7":{"start":{"line":15,"column":4},"end":{"line":15,"column":null}},"8":{"start":{"line":16,"column":8},"end":{"line":16,"column":40}},"9":{"start":{"line":18,"column":8},"end":{"line":36,"column":null}},"10":{"start":{"line":18,"column":123},"end":{"line":36,"column":10}},"11":{"start":{"line":20,"column":16},"end":{"line":20,"column":null}},"12":{"start":{"line":21,"column":29},"end":{"line":21,"column":null}},"13":{"start":{"line":21,"column":22},"end":{"line":21,"column":null}},"14":{"start":{"line":22,"column":16},"end":{"line":22,"column":25}},"15":{"start":{"line":22,"column":36},"end":{"line":22,"column":null}},"16":{"start":{"line":22,"column":16},"end":{"line":22,"column":null}},"17":{"start":{"line":23,"column":29},"end":{"line":27,"column":null}},"18":{"start":{"line":23,"column":22},"end":{"line":27,"column":null}},"19":{"start":{"line":28,"column":16},"end":{"line":28,"column":null}},"20":{"start":{"line":32,"column":16},"end":{"line":32,"column":null}},"21":{"start":{"line":33,"column":16},"end":{"line":33,"column":null}},"22":{"start":{"line":38,"column":8},"end":{"line":60,"column":null}},"23":{"start":{"line":38,"column":121},"end":{"line":60,"column":10}},"24":{"start":{"line":40,"column":16},"end":{"line":40,"column":null}},"25":{"start":{"line":41,"column":34},"end":{"line":45,"column":null}},"26":{"start":{"line":41,"column":22},"end":{"line":45,"column":null}},"27":{"start":{"line":46,"column":16},"end":{"line":51,"column":null}},"28":{"start":{"line":47,"column":26},"end":{"line":47,"column":85}},"29":{"start":{"line":48,"column":20},"end":{"line":48,"column":null}},"30":{"start":{"line":49,"column":20},"end":{"line":49,"column":39}},"31":{"start":{"line":51,"column":20},"end":{"line":51,"column":null}},"32":{"start":{"line":56,"column":16},"end":{"line":56,"column":null}},"33":{"start":{"line":57,"column":16},"end":{"line":57,"column":null}},"34":{"start":{"line":63,"column":8},"end":{"line":81,"column":11}},"35":{"start":{"line":63,"column":119},"end":{"line":81,"column":10}},"36":{"start":{"line":65,"column":34},"end":{"line":69,"column":null}},"37":{"start":{"line":65,"column":22},"end":{"line":69,"column":null}},"38":{"start":{"line":70,"column":16},"end":{"line":76,"column":null}},"39":{"start":{"line":71,"column":26},"end":{"line":71,"column":85}},"40":{"start":{"line":72,"column":20},"end":{"line":72,"column":null}},"41":{"start":{"line":73,"column":20},"end":{"line":73,"column":39}},"42":{"start":{"line":75,"column":20},"end":{"line":75,"column":null}},"43":{"start":{"line":79,"column":16},"end":{"line":79,"column":68}},"44":{"start":{"line":83,"column":8},"end":{"line":101,"column":11}},"45":{"start":{"line":83,"column":125},"end":{"line":101,"column":10}},"46":{"start":{"line":85,"column":34},"end":{"line":89,"column":null}},"47":{"start":{"line":85,"column":22},"end":{"line":89,"column":null}},"48":{"start":{"line":90,"column":16},"end":{"line":96,"column":null}},"49":{"start":{"line":91,"column":26},"end":{"line":91,"column":85}},"50":{"start":{"line":92,"column":20},"end":{"line":92,"column":null}},"51":{"start":{"line":93,"column":20},"end":{"line":93,"column":39}},"52":{"start":{"line":95,"column":20},"end":{"line":95,"column":null}},"53":{"start":{"line":99,"column":16},"end":{"line":99,"column":68}},"54":{"start":{"line":106,"column":0},"end":{"line":106,"column":null}},"55":{"start":{"line":12,"column":13},"end":{"line":12,"column":27}}},"fnMap":{"0":{"name":"(anonymous_13)","decl":{"start":{"line":12,"column":0},"end":{"line":12,"column":13}},"loc":{"start":{"line":12,"column":0},"end":{"line":106,"column":null}}},"1":{"name":"ApiLoginSignup","decl":{"start":{"line":15,"column":4},"end":{"line":15,"column":null}},"loc":{"start":{"line":15,"column":4},"end":{"line":105,"column":5}}},"2":{"name":"(anonymous_15)","decl":{"start":{"line":18,"column":89},"end":{"line":18,"column":96}},"loc":{"start":{"line":18,"column":123},"end":{"line":36,"column":10}}},"3":{"name":"(anonymous_16)","decl":{"start":{"line":18,"column":123},"end":{"line":18,"column":null}},"loc":{"start":{"line":18,"column":123},"end":{"line":36,"column":10}}},"4":{"name":"(anonymous_18)","decl":{"start":{"line":38,"column":87},"end":{"line":38,"column":94}},"loc":{"start":{"line":38,"column":121},"end":{"line":60,"column":10}}},"5":{"name":"(anonymous_19)","decl":{"start":{"line":38,"column":121},"end":{"line":38,"column":null}},"loc":{"start":{"line":38,"column":121},"end":{"line":60,"column":10}}},"6":{"name":"(anonymous_21)","decl":{"start":{"line":63,"column":85},"end":{"line":63,"column":92}},"loc":{"start":{"line":63,"column":119},"end":{"line":81,"column":10}}},"7":{"name":"(anonymous_22)","decl":{"start":{"line":63,"column":119},"end":{"line":63,"column":null}},"loc":{"start":{"line":63,"column":119},"end":{"line":81,"column":10}}},"8":{"name":"(anonymous_24)","decl":{"start":{"line":83,"column":91},"end":{"line":83,"column":98}},"loc":{"start":{"line":83,"column":125},"end":{"line":101,"column":10}}},"9":{"name":"(anonymous_25)","decl":{"start":{"line":83,"column":125},"end":{"line":83,"column":null}},"loc":{"start":{"line":83,"column":125},"end":{"line":101,"column":10}}}},"branchMap":{"0":{"loc":{"start":{"line":46,"column":16},"end":{"line":51,"column":null}},"type":"if","locations":[{"start":{"line":46,"column":16},"end":{"line":51,"column":null}},{"start":{"line":46,"column":16},"end":{"line":51,"column":null}}]},"1":{"loc":{"start":{"line":70,"column":16},"end":{"line":76,"column":null}},"type":"if","locations":[{"start":{"line":70,"column":16},"end":{"line":76,"column":null}},{"start":{"line":70,"column":16},"end":{"line":76,"column":null}}]},"2":{"loc":{"start":{"line":90,"column":16},"end":{"line":96,"column":null}},"type":"if","locations":[{"start":{"line":90,"column":16},"end":{"line":96,"column":null}},{"start":{"line":90,"column":16},"end":{"line":96,"column":null}}]}},"s":{"0":1,"1":1,"2":1,"3":1,"4":1,"5":1,"6":1,"7":1,"8":1,"9":1,"10":1,"11":1,"12":1,"13":1,"14":1,"15":1,"16":1,"17":1,"18":1,"19":1,"20":0,"21":0,"22":1,"23":1,"24":1,"25":1,"26":1,"27":1,"28":1,"29":1,"30":1,"31":0,"32":0,"33":0,"34":1,"35":0,"36":0,"37":0,"38":0,"39":0,"40":0,"41":0,"42":0,"43":0,"44":1,"45":0,"46":0,"47":0,"48":0,"49":0,"50":0,"51":0,"52":0,"53":0,"54":1,"55":1},"f":{"0":1,"1":1,"2":1,"3":1,"4":1,"5":1,"6":0,"7":0,"8":0,"9":0},"b":{"0":[1,0],"1":[0,0],"2":[0,0]}}
,"/home/abdul/Documents/Assignment -Abdul-Qaiyyum-/src/ApiSignupLoginSchema.ts": {"path":"/home/abdul/Documents/Assignment -Abdul-Qaiyyum-/src/ApiSignupLoginSchema.ts","statementMap":{"0":{"start":{"line":1,"column":0},"end":{"line":1,"column":57}},"1":{"start":{"line":3,"column":0},"end":{"line":3,"column":13}},"2":{"start":{"line":4,"column":11},"end":{"line":13,"column":null}},"3":{"start":{"line":5,"column":8},"end":{"line":12,"column":null}},"4":{"start":{"line":15,"column":11},"end":{"line":21,"column":null}},"5":{"start":{"line":16,"column":8},"end":{"line":20,"column":null}},"6":{"start":{"line":25,"column":11},"end":{"line":29,"column":null}},"7":{"start":{"line":26,"column":8},"end":{"line":28,"column":null}},"8":{"start":{"line":33,"column":11},"end":{"line":41,"column":null}},"9":{"start":{"line":34,"column":23},"end":{"line":34,"column":44}},"10":{"start":{"line":35,"column":12},"end":{"line":39,"column":20}},"11":{"start":{"line":36,"column":16},"end":{"line":36,"column":65}},"12":{"start":{"line":39,"column":13},"end":{"line":39,"column":20}},"13":{"start":{"line":42,"column":0},"end":{"line":42,"column":null}},"14":{"start":{"line":3,"column":13},"end":{"line":3,"column":22}}},"fnMap":{"0":{"name":"(anonymous_0)","decl":{"start":{"line":3,"column":0},"end":{"line":3,"column":13}},"loc":{"start":{"line":3,"column":0},"end":{"line":42,"column":null}}},"1":{"name":"(anonymous_2)","decl":{"start":{"line":4,"column":4},"end":{"line":4,"column":11}},"loc":{"start":{"line":4,"column":4},"end":{"line":13,"column":5}}},"2":{"name":"(anonymous_3)","decl":{"start":{"line":15,"column":4},"end":{"line":15,"column":11}},"loc":{"start":{"line":15,"column":4},"end":{"line":21,"column":5}}},"3":{"name":"(anonymous_4)","decl":{"start":{"line":25,"column":4},"end":{"line":25,"column":11}},"loc":{"start":{"line":25,"column":4},"end":{"line":29,"column":5}}},"4":{"name":"(anonymous_5)","decl":{"start":{"line":33,"column":4},"end":{"line":33,"column":11}},"loc":{"start":{"line":33,"column":61},"end":{"line":41,"column":5}}}},"branchMap":{"0":{"loc":{"start":{"line":35,"column":12},"end":{"line":39,"column":20}},"type":"if","locations":[{"start":{"line":35,"column":12},"end":{"line":39,"column":20}},{"start":{"line":35,"column":12},"end":{"line":39,"column":20}}]}},"s":{"0":1,"1":1,"2":1,"3":1,"4":1,"5":3,"6":1,"7":0,"8":1,"9":4,"10":4,"11":2,"12":2,"13":1,"14":1},"f":{"0":1,"1":1,"2":3,"3":0,"4":4},"b":{"0":[2,2]}}
,"/home/abdul/Documents/Assignment -Abdul-Qaiyyum-/src/Database.ts": {"path":"/home/abdul/Documents/Assignment -Abdul-Qaiyyum-/src/Database.ts","statementMap":{"0":{"start":{"line":1,"column":0},"end":{"line":1,"column":42}},"1":{"start":{"line":3,"column":0},"end":{"line":3,"column":13}},"2":{"start":{"line":8,"column":14},"end":{"line":8,"column":41}},"3":{"start":{"line":9,"column":4},"end":{"line":9,"column":null}},"4":{"start":{"line":10,"column":4},"end":{"line":10,"column":null}},"5":{"start":{"line":14,"column":10},"end":{"line":26,"column":null}},"6":{"start":{"line":16,"column":17},"end":{"line":16,"column":null}},"7":{"start":{"line":16,"column":10},"end":{"line":16,"column":null}},"8":{"start":{"line":17,"column":10},"end":{"line":17,"column":null}},"9":{"start":{"line":18,"column":10},"end":{"line":18,"column":null}},"10":{"start":{"line":19,"column":17},"end":{"line":19,"column":null}},"11":{"start":{"line":19,"column":10},"end":{"line":19,"column":null}},"12":{"start":{"line":20,"column":3},"end":{"line":20,"column":null}},"13":{"start":{"line":23,"column":12},"end":{"line":23,"column":null}},"14":{"start":{"line":30,"column":10},"end":{"line":42,"column":null}},"15":{"start":{"line":32,"column":17},"end":{"line":32,"column":null}},"16":{"start":{"line":32,"column":10},"end":{"line":32,"column":null}},"17":{"start":{"line":33,"column":10},"end":{"line":33,"column":null}},"18":{"start":{"line":34,"column":10},"end":{"line":34,"column":null}},"19":{"start":{"line":35,"column":17},"end":{"line":35,"column":null}},"20":{"start":{"line":35,"column":10},"end":{"line":35,"column":null}},"21":{"start":{"line":36,"column":3},"end":{"line":36,"column":null}},"22":{"start":{"line":39,"column":12},"end":{"line":39,"column":null}},"23":{"start":{"line":45,"column":10},"end":{"line":57,"column":null}},"24":{"start":{"line":47,"column":17},"end":{"line":47,"column":null}},"25":{"start":{"line":47,"column":10},"end":{"line":47,"column":null}},"26":{"start":{"line":48,"column":10},"end":{"line":48,"column":null}},"27":{"start":{"line":49,"column":10},"end":{"line":49,"column":null}},"28":{"start":{"line":50,"column":17},"end":{"line":50,"column":null}},"29":{"start":{"line":50,"column":10},"end":{"line":50,"column":null}},"30":{"start":{"line":51,"column":3},"end":{"line":51,"column":null}},"31":{"start":{"line":54,"column":12},"end":{"line":54,"column":null}},"32":{"start":{"line":62,"column":10},"end":{"line":74,"column":null}},"33":{"start":{"line":64,"column":17},"end":{"line":64,"column":null}},"34":{"start":{"line":64,"column":10},"end":{"line":64,"column":null}},"35":{"start":{"line":65,"column":10},"end":{"line":65,"column":null}},"36":{"start":{"line":66,"column":10},"end":{"line":66,"column":null}},"37":{"start":{"line":67,"column":17},"end":{"line":67,"column":null}},"38":{"start":{"line":67,"column":10},"end":{"line":67,"column":null}},"39":{"start":{"line":68,"column":3},"end":{"line":68,"column":null}},"40":{"start":{"line":71,"column":12},"end":{"line":71,"column":null}},"41":{"start":{"line":80,"column":10},"end":{"line":92,"column":null}},"42":{"start":{"line":82,"column":17},"end":{"line":82,"column":null}},"43":{"start":{"line":82,"column":10},"end":{"line":82,"column":null}},"44":{"start":{"line":83,"column":10},"end":{"line":83,"column":null}},"45":{"start":{"line":84,"column":10},"end":{"line":84,"column":null}},"46":{"start":{"line":85,"column":17},"end":{"line":85,"column":null}},"47":{"start":{"line":85,"column":10},"end":{"line":85,"column":null}},"48":{"start":{"line":86,"column":3},"end":{"line":86,"column":null}},"49":{"start":{"line":89,"column":12},"end":{"line":89,"column":null}},"50":{"start":{"line":93,"column":0},"end":{"line":93,"column":null}},"51":{"start":{"line":3,"column":13},"end":{"line":3,"column":21}}},"fnMap":{"0":{"name":"(anonymous_13)","decl":{"start":{"line":3,"column":0},"end":{"line":3,"column":13}},"loc":{"start":{"line":3,"column":0},"end":{"line":93,"column":null}}},"1":{"name":"Database","decl":{"start":{"line":6,"column":4},"end":{"line":6,"column":null}},"loc":{"start":{"line":6,"column":4},"end":{"line":12,"column":5}}},"2":{"name":"(anonymous_15)","decl":{"start":{"line":14,"column":4},"end":{"line":14,"column":10}},"loc":{"start":{"line":14,"column":36},"end":{"line":26,"column":null}}},"3":{"name":"(anonymous_18)","decl":{"start":{"line":30,"column":4},"end":{"line":30,"column":10}},"loc":{"start":{"line":30,"column":35},"end":{"line":42,"column":null}}},"4":{"name":"(anonymous_21)","decl":{"start":{"line":45,"column":4},"end":{"line":45,"column":10}},"loc":{"start":{"line":45,"column":29},"end":{"line":57,"column":null}}},"5":{"name":"(anonymous_24)","decl":{"start":{"line":62,"column":4},"end":{"line":62,"column":10}},"loc":{"start":{"line":62,"column":36},"end":{"line":74,"column":null}}},"6":{"name":"(anonymous_27)","decl":{"start":{"line":80,"column":4},"end":{"line":80,"column":10}},"loc":{"start":{"line":80,"column":36},"end":{"line":92,"column":null}}}},"branchMap":{},"s":{"0":1,"1":1,"2":7,"3":7,"4":7,"5":1,"6":2,"7":2,"8":2,"9":2,"10":2,"11":2,"12":2,"13":0,"14":1,"15":1,"16":1,"17":1,"18":1,"19":1,"20":1,"21":1,"22":0,"23":1,"24":1,"25":1,"26":1,"27":1,"28":1,"29":1,"30":1,"31":0,"32":1,"33":1,"34":1,"35":1,"36":1,"37":1,"38":1,"39":1,"40":0,"41":1,"42":2,"43":2,"44":2,"45":2,"46":2,"47":2,"48":2,"49":0,"50":1,"51":1},"f":{"0":1,"1":7,"2":2,"3":1,"4":1,"5":1,"6":2},"b":{}}
,"/home/abdul/Documents/Assignment -Abdul-Qaiyyum-/src/OnlinePayment.ts": {"path":"/home/abdul/Documents/Assignment -Abdul-Qaiyyum-/src/OnlinePayment.ts","statementMap":{"0":{"start":{"line":2,"column":0},"end":{"line":2,"column":34}},"1":{"start":{"line":3,"column":0},"end":{"line":3,"column":53}},"2":{"start":{"line":4,"column":0},"end":{"line":4,"column":37}},"3":{"start":{"line":5,"column":0},"end":{"line":5,"column":34}},"4":{"start":{"line":7,"column":22},"end":{"line":7,"column":38}},"5":{"start":{"line":9,"column":0},"end":{"line":9,"column":13}},"6":{"start":{"line":11,"column":4},"end":{"line":11,"column":null}},"7":{"start":{"line":12,"column":8},"end":{"line":12,"column":null}},"8":{"start":{"line":13,"column":8},"end":{"line":30,"column":null}},"9":{"start":{"line":13,"column":141},"end":{"line":30,"column":10}},"10":{"start":{"line":15,"column":12},"end":{"line":28,"column":null}},"11":{"start":{"line":17,"column":22},"end":{"line":21,"column":null}},"12":{"start":{"line":22,"column":16},"end":{"line":22,"column":null}},"13":{"start":{"line":26,"column":16},"end":{"line":26,"column":null}},"14":{"start":{"line":27,"column":16},"end":{"line":27,"column":null}},"15":{"start":{"line":34,"column":8},"end":{"line":50,"column":null}},"16":{"start":{"line":34,"column":77},"end":{"line":50,"column":10}},"17":{"start":{"line":36,"column":12},"end":{"line":48,"column":null}},"18":{"start":{"line":38,"column":22},"end":{"line":41,"column":null}},"19":{"start":{"line":42,"column":16},"end":{"line":42,"column":null}},"20":{"start":{"line":46,"column":16},"end":{"line":46,"column":null}},"21":{"start":{"line":47,"column":16},"end":{"line":47,"column":null}},"22":{"start":{"line":53,"column":8},"end":{"line":73,"column":15}},"23":{"start":{"line":53,"column":164},"end":{"line":73,"column":14}},"24":{"start":{"line":55,"column":20},"end":{"line":60,"column":null}},"25":{"start":{"line":61,"column":33},"end":{"line":66,"column":null}},"26":{"start":{"line":61,"column":22},"end":{"line":66,"column":null}},"27":{"start":{"line":67,"column":16},"end":{"line":67,"column":null}},"28":{"start":{"line":70,"column":16},"end":{"line":70,"column":68}},"29":{"start":{"line":71,"column":16},"end":{"line":71,"column":null}},"30":{"start":{"line":77,"column":12},"end":{"line":92,"column":19}},"31":{"start":{"line":77,"column":110},"end":{"line":92,"column":18}},"32":{"start":{"line":80,"column":37},"end":{"line":85,"column":null}},"33":{"start":{"line":80,"column":26},"end":{"line":85,"column":null}},"34":{"start":{"line":86,"column":20},"end":{"line":86,"column":null}},"35":{"start":{"line":89,"column":20},"end":{"line":89,"column":72}},"36":{"start":{"line":90,"column":20},"end":{"line":90,"column":null}},"37":{"start":{"line":97,"column":0},"end":{"line":97,"column":null}},"38":{"start":{"line":9,"column":13},"end":{"line":9,"column":20}}},"fnMap":{"0":{"name":"(anonymous_13)","decl":{"start":{"line":9,"column":0},"end":{"line":9,"column":13}},"loc":{"start":{"line":9,"column":0},"end":{"line":97,"column":null}}},"1":{"name":"Payment","decl":{"start":{"line":11,"column":4},"end":{"line":11,"column":null}},"loc":{"start":{"line":11,"column":4},"end":{"line":96,"column":5}}},"2":{"name":"(anonymous_15)","decl":{"start":{"line":13,"column":107},"end":{"line":13,"column":114}},"loc":{"start":{"line":13,"column":141},"end":{"line":30,"column":10}}},"3":{"name":"(anonymous_16)","decl":{"start":{"line":13,"column":141},"end":{"line":13,"column":null}},"loc":{"start":{"line":13,"column":141},"end":{"line":30,"column":10}}},"4":{"name":"(anonymous_18)","decl":{"start":{"line":34,"column":43},"end":{"line":34,"column":50}},"loc":{"start":{"line":34,"column":77},"end":{"line":50,"column":10}}},"5":{"name":"(anonymous_19)","decl":{"start":{"line":34,"column":77},"end":{"line":34,"column":null}},"loc":{"start":{"line":34,"column":77},"end":{"line":50,"column":10}}},"6":{"name":"(anonymous_21)","decl":{"start":{"line":53,"column":107},"end":{"line":53,"column":114}},"loc":{"start":{"line":53,"column":164},"end":{"line":73,"column":14}}},"7":{"name":"(anonymous_22)","decl":{"start":{"line":53,"column":164},"end":{"line":53,"column":null}},"loc":{"start":{"line":53,"column":164},"end":{"line":73,"column":14}}},"8":{"name":"(anonymous_24)","decl":{"start":{"line":77,"column":53},"end":{"line":77,"column":60}},"loc":{"start":{"line":77,"column":110},"end":{"line":92,"column":18}}},"9":{"name":"(anonymous_25)","decl":{"start":{"line":77,"column":110},"end":{"line":77,"column":null}},"loc":{"start":{"line":77,"column":110},"end":{"line":92,"column":18}}}},"branchMap":{},"s":{"0":1,"1":1,"2":1,"3":1,"4":1,"5":1,"6":1,"7":1,"8":1,"9":1,"10":1,"11":1,"12":1,"13":0,"14":0,"15":1,"16":1,"17":1,"18":1,"19":1,"20":0,"21":0,"22":1,"23":1,"24":1,"25":1,"26":1,"27":1,"28":0,"29":0,"30":1,"31":1,"32":1,"33":1,"34":1,"35":0,"36":0,"37":1,"38":1},"f":{"0":1,"1":1,"2":1,"3":1,"4":1,"5":1,"6":1,"7":1,"8":1,"9":1},"b":{}}
,"/home/abdul/Documents/Assignment -Abdul-Qaiyyum-/src/OnlinePaymentSchema.ts": {"path":"/home/abdul/Documents/Assignment -Abdul-Qaiyyum-/src/OnlinePaymentSchema.ts","statementMap":{"0":{"start":{"line":1,"column":0},"end":{"line":1,"column":40}},"1":{"start":{"line":3,"column":0},"end":{"line":3,"column":53}},"2":{"start":{"line":5,"column":0},"end":{"line":5,"column":13}},"3":{"start":{"line":7,"column":11},"end":{"line":15,"column":null}},"4":{"start":{"line":8,"column":8},"end":{"line":14,"column":null}},"5":{"start":{"line":17,"column":11},"end":{"line":27,"column":null}},"6":{"start":{"line":18,"column":8},"end":{"line":26,"column":null}},"7":{"start":{"line":29,"column":11},"end":{"line":38,"column":null}},"8":{"start":{"line":30,"column":23},"end":{"line":30,"column":44}},"9":{"start":{"line":31,"column":12},"end":{"line":36,"column":20}},"10":{"start":{"line":32,"column":16},"end":{"line":32,"column":65}},"11":{"start":{"line":36,"column":13},"end":{"line":36,"column":20}},"12":{"start":{"line":39,"column":0},"end":{"line":39,"column":null}},"13":{"start":{"line":5,"column":13},"end":{"line":5,"column":26}}},"fnMap":{"0":{"name":"(anonymous_0)","decl":{"start":{"line":5,"column":0},"end":{"line":5,"column":13}},"loc":{"start":{"line":5,"column":0},"end":{"line":39,"column":null}}},"1":{"name":"(anonymous_2)","decl":{"start":{"line":7,"column":4},"end":{"line":7,"column":11}},"loc":{"start":{"line":7,"column":4},"end":{"line":15,"column":5}}},"2":{"name":"(anonymous_3)","decl":{"start":{"line":17,"column":4},"end":{"line":17,"column":11}},"loc":{"start":{"line":17,"column":4},"end":{"line":27,"column":5}}},"3":{"name":"(anonymous_4)","decl":{"start":{"line":29,"column":4},"end":{"line":29,"column":11}},"loc":{"start":{"line":29,"column":62},"end":{"line":38,"column":5}}}},"branchMap":{"0":{"loc":{"start":{"line":31,"column":12},"end":{"line":36,"column":20}},"type":"if","locations":[{"start":{"line":31,"column":12},"end":{"line":36,"column":20}},{"start":{"line":31,"column":12},"end":{"line":36,"column":20}}]}},"s":{"0":1,"1":1,"2":1,"3":1,"4":1,"5":1,"6":1,"7":1,"8":4,"9":4,"10":2,"11":2,"12":1,"13":1},"f":{"0":1,"1":1,"2":1,"3":4},"b":{"0":[2,2]}}
,"/home/abdul/Documents/Assignment -Abdul-Qaiyyum-/src/app.ts": {"path":"/home/abdul/Documents/Assignment -Abdul-Qaiyyum-/src/app.ts","statementMap":{"0":{"start":{"line":1,"column":0},"end":{"line":1,"column":34}},"1":{"start":{"line":3,"column":0},"end":{"line":3,"column":49}},"2":{"start":{"line":5,"column":33},"end":{"line":5,"column":42}},"3":{"start":{"line":31,"column":9},"end":{"line":31,"column":12}},"4":{"start":{"line":7,"column":0},"end":{"line":7,"column":34}},"5":{"start":{"line":8,"column":0},"end":{"line":8,"column":41}},"6":{"start":{"line":9,"column":0},"end":{"line":9,"column":null}},"7":{"start":{"line":10,"column":0},"end":{"line":10,"column":null}},"8":{"start":{"line":11,"column":0},"end":{"line":11,"column":null}},"9":{"start":{"line":12,"column":0},"end":{"line":26,"column":null}},"10":{"start":{"line":13,"column":4},"end":{"line":25,"column":26}},"11":{"start":{"line":14,"column":26},"end":{"line":14,"column":46}},"12":{"start":{"line":15,"column":10},"end":{"line":15,"column":null}},"13":{"start":{"line":16,"column":10},"end":{"line":24,"column":null}},"14":{"start":{"line":17,"column":16},"end":{"line":17,"column":null}},"15":{"start":{"line":19,"column":16},"end":{"line":23,"column":null}},"16":{"start":{"line":20,"column":22},"end":{"line":22,"column":null}},"17":{"start":{"line":21,"column":28},"end":{"line":21,"column":null}},"18":{"start":{"line":22,"column":27},"end":{"line":22,"column":null}},"19":{"start":{"line":28,"column":0},"end":{"line":28,"column":null}},"20":{"start":{"line":29,"column":0},"end":{"line":29,"column":null}}},"fnMap":{"0":{"name":"(anonymous_0)","decl":{"start":{"line":12,"column":17},"end":{"line":12,"column":18}},"loc":{"start":{"line":12,"column":30},"end":{"line":26,"column":5}}},"1":{"name":"(anonymous_1)","decl":{"start":{"line":19,"column":45},"end":{"line":19,"column":46}},"loc":{"start":{"line":19,"column":67},"end":{"line":23,"column":23}}}},"branchMap":{"0":{"loc":{"start":{"line":16,"column":10},"end":{"line":24,"column":null}},"type":"if","locations":[{"start":{"line":16,"column":10},"end":{"line":24,"column":null}},{"start":{"line":16,"column":10},"end":{"line":24,"column":null}}]},"1":{"loc":{"start":{"line":20,"column":22},"end":{"line":22,"column":null}},"type":"if","locations":[{"start":{"line":20,"column":22},"end":{"line":22,"column":null}},{"start":{"line":20,"column":22},"end":{"line":22,"column":null}}]}},"s":{"0":1,"1":1,"2":1,"3":1,"4":1,"5":1,"6":1,"7":1,"8":1,"9":1,"10":10,"11":10,"12":10,"13":10,"14":4,"15":6,"16":6,"17":6,"18":0,"19":1,"20":1},"f":{"0":10,"1":6},"b":{"0":[4,6],"1":[6,0]}}
}
