TN:
SF:/home/abdul/Documents/Assignment -Abdul-Qaiyyum-/src/ApiLoginSignup.ts
FN:12,(anonymous_13)
FN:15,ApiLoginSignup
FN:18,(anonymous_15)
FN:18,(anonymous_16)
FN:38,(anonymous_18)
FN:38,(anonymous_19)
FN:63,(anonymous_21)
FN:63,(anonymous_22)
FN:83,(anonymous_24)
FN:83,(anonymous_25)
FNF:10
FNH:6
FNDA:1,(anonymous_13)
FNDA:1,ApiLoginSignup
FNDA:1,(anonymous_15)
FNDA:1,(anonymous_16)
FNDA:1,(anonymous_18)
FNDA:1,(anonymous_19)
FNDA:0,(anonymous_21)
FNDA:0,(anonymous_22)
FNDA:0,(anonymous_24)
FNDA:0,(anonymous_25)
DA:1,1
DA:2,1
DA:3,1
DA:5,1
DA:6,1
DA:7,1
DA:12,1
DA:15,1
DA:16,1
DA:18,1
DA:20,1
DA:21,1
DA:22,1
DA:23,1
DA:28,1
DA:32,0
DA:33,0
DA:38,1
DA:40,1
DA:41,1
DA:46,1
DA:47,1
DA:48,1
DA:49,1
DA:51,0
DA:56,0
DA:57,0
DA:63,1
DA:65,0
DA:70,0
DA:71,0
DA:72,0
DA:73,0
DA:75,0
DA:79,0
DA:83,1
DA:85,0
DA:90,0
DA:91,0
DA:92,0
DA:93,0
DA:95,0
DA:99,0
DA:106,1
LF:44
LH:25
BRDA:46,0,0,1
BRDA:46,0,1,0
BRDA:70,1,0,0
BRDA:70,1,1,0
BRDA:90,2,0,0
BRDA:90,2,1,0
BRF:6
BRH:1
end_of_record
TN:
SF:/home/abdul/Documents/Assignment -Abdul-Qaiyyum-/src/ApiSignupLoginSchema.ts
FN:3,(anonymous_0)
FN:4,(anonymous_2)
FN:15,(anonymous_3)
FN:25,(anonymous_4)
FN:33,(anonymous_5)
FNF:5
FNH:4
FNDA:1,(anonymous_0)
FNDA:1,(anonymous_2)
FNDA:3,(anonymous_3)
FNDA:0,(anonymous_4)
FNDA:4,(anonymous_5)
DA:1,1
DA:3,1
DA:4,1
DA:5,1
DA:15,1
DA:16,3
DA:25,1
DA:26,0
DA:33,1
DA:34,4
DA:35,4
DA:36,2
DA:39,2
DA:42,1
LF:14
LH:13
BRDA:35,0,0,2
BRDA:35,0,1,2
BRF:2
BRH:2
end_of_record
TN:
SF:/home/abdul/Documents/Assignment -Abdul-Qaiyyum-/src/Database.ts
FN:3,(anonymous_13)
FN:6,Database
FN:14,(anonymous_15)
FN:30,(anonymous_18)
FN:45,(anonymous_21)
FN:62,(anonymous_24)
FN:80,(anonymous_27)
FNF:7
FNH:7
FNDA:1,(anonymous_13)
FNDA:7,Database
FNDA:2,(anonymous_15)
FNDA:1,(anonymous_18)
FNDA:1,(anonymous_21)
FNDA:1,(anonymous_24)
FNDA:2,(anonymous_27)
DA:1,1
DA:3,1
DA:8,7
DA:9,7
DA:10,7
DA:14,1
DA:16,2
DA:17,2
DA:18,2
DA:19,2
DA:20,2
DA:23,0
DA:30,1
DA:32,1
DA:33,1
DA:34,1
DA:35,1
DA:36,1
DA:39,0
DA:45,1
DA:47,1
DA:48,1
DA:49,1
DA:50,1
DA:51,1
DA:54,0
DA:62,1
DA:64,1
DA:65,1
DA:66,1
DA:67,1
DA:68,1
DA:71,0
DA:80,1
DA:82,2
DA:83,2
DA:84,2
DA:85,2
DA:86,2
DA:89,0
DA:93,1
LF:41
LH:36
BRF:0
BRH:0
end_of_record
TN:
SF:/home/abdul/Documents/Assignment -Abdul-Qaiyyum-/src/OnlinePayment.ts
FN:9,(anonymous_13)
FN:11,Payment
FN:13,(anonymous_15)
FN:13,(anonymous_16)
FN:34,(anonymous_18)
FN:34,(anonymous_19)
FN:53,(anonymous_21)
FN:53,(anonymous_22)
FN:77,(anonymous_24)
FN:77,(anonymous_25)
FNF:10
FNH:10
FNDA:1,(anonymous_13)
FNDA:1,Payment
FNDA:1,(anonymous_15)
FNDA:1,(anonymous_16)
FNDA:1,(anonymous_18)
FNDA:1,(anonymous_19)
FNDA:1,(anonymous_21)
FNDA:1,(anonymous_22)
FNDA:1,(anonymous_24)
FNDA:1,(anonymous_25)
DA:2,1
DA:3,1
DA:4,1
DA:5,1
DA:7,1
DA:9,1
DA:11,1
DA:12,1
DA:13,1
DA:15,1
DA:17,1
DA:22,1
DA:26,0
DA:27,0
DA:34,1
DA:36,1
DA:38,1
DA:42,1
DA:46,0
DA:47,0
DA:53,1
DA:55,1
DA:61,1
DA:67,1
DA:70,0
DA:71,0
DA:77,1
DA:80,1
DA:86,1
DA:89,0
DA:90,0
DA:97,1
LF:32
LH:24
BRF:0
BRH:0
end_of_record
TN:
SF:/home/abdul/Documents/Assignment -Abdul-Qaiyyum-/src/OnlinePaymentSchema.ts
FN:5,(anonymous_0)
FN:7,(anonymous_2)
FN:17,(anonymous_3)
FN:29,(anonymous_4)
FNF:4
FNH:4
FNDA:1,(anonymous_0)
FNDA:1,(anonymous_2)
FNDA:1,(anonymous_3)
FNDA:4,(anonymous_4)
DA:1,1
DA:3,1
DA:5,1
DA:7,1
DA:8,1
DA:17,1
DA:18,1
DA:29,1
DA:30,4
DA:31,4
DA:32,2
DA:36,2
DA:39,1
LF:13
LH:13
BRDA:31,0,0,2
BRDA:31,0,1,2
BRF:2
BRH:2
end_of_record
TN:
SF:/home/abdul/Documents/Assignment -Abdul-Qaiyyum-/src/app.ts
FN:12,(anonymous_0)
FN:19,(anonymous_1)
FNF:2
FNH:2
FNDA:10,(anonymous_0)
FNDA:6,(anonymous_1)
DA:1,1
DA:3,1
DA:5,1
DA:7,1
DA:8,1
DA:9,1
DA:10,1
DA:11,1
DA:12,1
DA:13,10
DA:14,10
DA:15,10
DA:16,10
DA:17,4
DA:19,6
DA:20,6
DA:21,6
DA:22,0
DA:28,1
DA:29,1
DA:31,1
LF:21
LH:20
BRDA:16,0,0,4
BRDA:16,0,1,6
BRDA:20,1,0,6
BRDA:20,1,1,0
BRF:4
BRH:3
end_of_record
